make.exe all --print-data-base --no-builtin-variables --no-builtin-rules --question
make: *** No rule to make target 'all'.  Stop.

# GNU Make 4.3
# Built for Windows32
# Copyright (C) 1988-2020 Free Software Foundation, Inc.
# License GPLv3+: GNU GPL version 3 or later <http://gnu.org/licenses/gpl.html>
# This is free software: you are free to change and redistribute it.
# There is NO WARRANTY, to the extent permitted by law.

# Make data base, printed on Sun Jul 31 10:40:07 2022

# Variables

# environment
FPS_BROWSER_APP_PROFILE_STRING = Internet Explorer
# environment
SYSTEMDRIVE = C:
# environment
JAVA_HOME = C:\Program Files\Java\jdk-18.0.1.1
# environment
LC_ALL = C
# makefile (from 'Makefile', line 5)
API_PORT = 4001
# environment
USERPROFILE = C:\Users\giris
# environment
LOCALAPPDATA = C:\Users\giris\AppData\Local
# environment
VSCODE_CWD = C:\Users\giris\AppData\Local\Programs\Microsoft VS Code
# environment
CHOCOLATEYINSTALL = C:\ProgramData\chocolatey
# environment
SYSTEMROOT = C:\WINDOWS
# environment
PROCESSOR_LEVEL = 6
# environment
PSMODULEPATH = C:\Program Files\WindowsPowerShell\Modules;C:\WINDOWS\system32\WindowsPowerShell\v1.0\Modules
# default
MAKE_COMMAND := C:/ProgramData/chocolatey/lib/make/tools/install/bin/make.exe
# environment
GOPATH = D:\Go-Workspace\bin
# automatic
@D = $(patsubst %/,%,$(patsubst %\,%,$(dir $@)))
# environment
CHROME_CRASHPAD_PIPE_NAME = \\.\pipe\crashpad_11344_UZBOAAXVTMHNSDFP
# environment
FPS_BROWSER_USER_PROFILE_STRING = Default
# environment
VSCODE_HANDLES_UNCAUGHT_ERRORS = true
# default
.VARIABLES := 
# automatic
%D = $(patsubst %/,%,$(patsubst %\,%,$(dir $%)))
# makefile (from 'Makefile', line 4)
GOSTRIPE_PORT = 4000
# automatic
^D = $(patsubst %/,%,$(patsubst %\,%,$(dir $^)))
# automatic
%F = $(notdir $%)
# environment
VSCODE_CODE_CACHE_PATH = C:\Users\giris\AppData\Roaming\Code\CachedData\3b889b090b5ad5793f524b5d1d39fda662b96a2a
# environment
LANG = C
# default
.LOADED := 
# environment
TMP = C:\Users\giris\AppData\Local\Temp
# default
.INCLUDE_DIRS = .
# environment
PROCESSOR_ARCHITEW6432 = AMD64
# makefile
MAKEFLAGS = pqrR
# environment
ONEDRIVE = C:\Users\giris\OneDrive
# makefile
CURDIR := d:/Go-Workspace/go-stripe
# environment
APPLICATION_INSIGHTS_NO_DIAGNOSTIC_CHANNEL = 1
# automatic
*D = $(patsubst %/,%,$(patsubst %\,%,$(dir $*)))
# makefile (from 'Makefile', line 2)
STRIPE_SECRET = sk_test_51LIFveSD7vjuo4BFbRXHEA9ddziwYXVRCwHzMBLtyQLrZklwyMZIDDPkk8FhWMQrucRYWaYBlas9liAOFFcWvejL003tAcfrVO
# environment
PROGRAMFILES = C:\Program Files (x86)
# environment
MFLAGS = -pqrR
# default
.SHELLFLAGS := -c
# environment
COMMONPROGRAMW6432 = C:\Program Files\Common Files
# automatic
+D = $(patsubst %/,%,$(patsubst %\,%,$(dir $+)))
# makefile (from 'Makefile', line 1)
MAKEFILE_LIST := Makefile
# automatic
@F = $(notdir $@)
# environment
VSCODE_PID = 11344
# automatic
?D = $(patsubst %/,%,$(patsubst %\,%,$(dir $?)))
# automatic
*F = $(notdir $*)
# automatic
<D = $(patsubst %/,%,$(patsubst %\,%,$(dir $<)))
# environment
VSCODE_NLS_CONFIG = {"locale":"en-us","availableLanguages":{},"_languagePackSupport":true}
# environment
ONEDRIVECONSUMER = C:\Users\giris\OneDrive
# default
MAKE_HOST := Windows32
# environment
PROGRAMDATA = C:\ProgramData
# makefile (from 'Makefile', line 1)
SHELL = cmd
# environment
HOMEPATH = \Users\giris
# default
MAKECMDGOALS := all
# environment
DRIVERDATA = C:\Windows\System32\Drivers\DriverData
# environment
COMSPEC = C:\WINDOWS\system32\cmd.exe
# environment
WINDIR = C:\WINDOWS
# environment
MAKELEVEL := 0
# default
MAKE = $(MAKE_COMMAND)
# environment
PATH = C:\Program Files\Common Files\Oracle\Java\javapath;C:\WINDOWS\system32;C:\WINDOWS;C:\WINDOWS\System32\Wbem;C:\WINDOWS\System32\WindowsPowerShell\v1.0\;C:\WINDOWS\System32\OpenSSH\;C:\Program Files\Java\jdk-18.0.1.1\bin;C:\Program Files\PuTTY\;C:\Program Files\Git\cmd;C:\Program Files\apache-maven-3.8.6\bin;C:\ProgramData\chocolatey\bin;C:\Program Files\MariaDB 10.9\bin;C:\Program Files\Go\bin;C:\Users\giris\AppData\Local\Programs\Python\Python39\Scripts\;C:\Users\giris\AppData\Local\Programs\Python\Python39\;C:\Users\giris\AppData\Local\Microsoft\WindowsApps;D:\Go\bin;;C:\Users\giris\AppData\Local\Programs\Microsoft VS Code\bin;C:\Users\giris\go\bin
# environment
COMPUTERNAME = DESKTOP-J1HH5CN
# default
MAKEFILES := 
# automatic
^F = $(notdir $^)
# environment
PROMPT = $P$G
# environment
CHOCOLATEYLASTPATHUPDATE = 133012526684855431
# environment
LOGONSERVER = \\DESKTOP-J1HH5CN
# environment
USERNAME = giris
# environment
COMMONPROGRAMFILES = C:\Program Files (x86)\Common Files
# automatic
?F = $(notdir $?)
# environment
PROGRAMW6432 = C:\Program Files
# environment
PATHEXT = .COM;.EXE;.BAT;.CMD;.VBS;.VBE;.JS;.JSE;.WSF;.WSH;.MSC
# automatic
+F = $(notdir $+)
# environment
ORIGINAL_XDG_CURRENT_DESKTOP = undefined
# environment
MAVEN_HOME = C:\Program Files\apache-maven-3.8.6
# environment
USERDOMAIN = DESKTOP-J1HH5CN
# 'override' directive
GNUMAKEFLAGS := 
# environment
OS = Windows_NT
# makefile
.DEFAULT_GOAL := build
# default
MAKE_VERSION := 4.3
# environment
PROGRAMFILES(X86) = C:\Program Files (x86)
# makefile (from 'Makefile', line 3)
STRIPE_KEY = pk_test_51LIFveSD7vjuo4BFlqebLNhcicgzl6BXjOGz2LLHPPAZyvj1F9gtzPQNMNBmCgSXDundzmCYpetl1dt6QB4NnbkN007lzvBx37
# environment
USERDOMAIN_ROAMINGPROFILE = DESKTOP-J1HH5CN
# environment
NUMBER_OF_PROCESSORS = 6
# environment
PUBLIC = C:\Users\Public
# environment
APPDATA = C:\Users\giris\AppData\Roaming
# environment
HOMEDRIVE = C:
# environment
PROCESSOR_ARCHITECTURE = x86
# environment
M2_HOME = C:\Program Files\apache-maven-3.8.6\bin
# environment
GOMODCACHE = D:\Go-Workspace\bin\pkg\mod
# environment
VSCODE_AMD_ENTRYPOINT = vs/workbench/api/node/extensionHostProcess
# environment
COMMONPROGRAMFILES(X86) = C:\Program Files (x86)\Common Files
# makefile (from 'Makefile', line 6)
DSN = "root@(localhost:3306)/widgets?parseTime=true&tls=false"
# environment
ELECTRON_RUN_AS_NODE = 1
# environment
TEMP = C:\Users\giris\AppData\Local\Temp
# environment
VSCODE_IPC_HOOK = \\.\pipe\0641f8cf9315b9eac7aa9a81d9e9d443-1.69.2-main-sock
# environment
GOPROXY = https://proxy.golang.org,direct
# default
.RECIPEPREFIX := 
# automatic
<F = $(notdir $<)
# default
SUFFIXES := 
# environment
ALLUSERSPROFILE = C:\ProgramData
# environment
SESSIONNAME = Console
# default
.FEATURES := target-specific order-only second-expansion else-if shortest-stem undefine oneshell nocomment grouped-target extra-prereqs archives jobserver output-sync load
# environment
PROCESSOR_REVISION = 9e0a
# environment
PROCESSOR_IDENTIFIER = Intel64 Family 6 Model 158 Stepping 10, GenuineIntel
# variable set hash-table stats:
# Load=103/1024=10%, Rehash=0, Collisions=10/130=8%

# Pattern-specific Variable Values

# No pattern-specific variable values.

# Directories

# . (key d:/Go-Workspace/go-stripe, mtime 1659119153): 20 files, no impossibilities.

# 20 files, no impossibilities in 1 directories.

# Implicit Rules

# No implicit rules.

# Files

start: start_front start_back start_invoice
#  Implicit rule search has not been done.
#  Modification time never checked.
#  File has not been updated.

build_back:
#  Implicit rule search has not been done.
#  Modification time never checked.
#  File has not been updated.
#  recipe to execute (from 'Makefile', line 27):
	@echo Building back end...
	@go build -o dist/gostripe_api.exe ./cmd/api
	@echo Back end built!

start_back: build_back
#  Implicit rule search has not been done.
#  Modification time never checked.
#  File has not been updated.
#  recipe to execute (from 'Makefile', line 48):
	@echo Starting the back end...
	set STRIPE_KEY=${STRIPE_KEY}&& set STRIPE_SECRET=${STRIPE_SECRET}&& start /B .\dist\gostripe_api.exe -dsn=${DSN}
	@echo Back end running!

stop_invoice:
#  Implicit rule search has not been done.
#  Modification time never checked.
#  File has not been updated.
#  recipe to execute (from 'Makefile', line 76):
	@echo "Stopping the invoicing microservice..."
	@taskkill /IM invoice.exe /F
	@echo "Stopped invoicing microservice"

# Not a target:
Makefile:
#  Implicit rule search has been done.
#  Last modified 2022-07-25 23:23:59
#  File has been updated.
#  Successfully updated.

build_front:
#  Implicit rule search has not been done.
#  Modification time never checked.
#  File has not been updated.
#  recipe to execute (from 'Makefile', line 21):
	@echo Building front end...
	@go build -o dist/gostripe.exe ./cmd/web
	@echo Front end built!

stop_back:
#  Implicit rule search has not been done.
#  Modification time never checked.
#  File has not been updated.
#  recipe to execute (from 'Makefile', line 70):
	@echo Stopping the back end...
	@taskkill /IM gostripe_api.exe /F
	@echo Stopped back end

clean:
#  Implicit rule search has not been done.
#  Modification time never checked.
#  File has not been updated.
#  recipe to execute (from 'Makefile', line 14):
	@echo Cleaning...
	@echo y | DEL /S dist
	@go clean
	@echo Cleaned and deleted binaries

stop: stop_front stop_back stop_invoice
#  Implicit rule search has not been done.
#  Modification time never checked.
#  File has not been updated.
#  recipe to execute (from 'Makefile', line 60):
	@echo All applications stopped

start_invoice: build_invoice
#  Implicit rule search has not been done.
#  Modification time never checked.
#  File has not been updated.
#  recipe to execute (from 'Makefile', line 54):
	@echo "Starting the invoicing microservice..."
	@start /B .\dist\invoice.exe
	@echo "Invoicing microservice running!"

# Not a target:
.DEFAULT:
#  Implicit rule search has not been done.
#  Modification time never checked.
#  File has not been updated.

# Not a target:
all:
#  Command line target.
#  Implicit rule search has been done.
#  File does not exist.
#  File has not been updated.

start_front: build_front
#  Implicit rule search has not been done.
#  Modification time never checked.
#  File has not been updated.
#  recipe to execute (from 'Makefile', line 42):
	@echo Starting the front end...
	set STRIPE_KEY=${STRIPE_KEY}&& set STRIPE_SECRET=${STRIPE_SECRET}&& start /B .\dist\gostripe.exe -dsn=${DSN}
	@echo Front end running!

build: clean build_front build_back
#  Implicit rule search has not been done.
#  Modification time never checked.
#  File has not been updated.
#  recipe to execute (from 'Makefile', line 10):
	@echo All binaries built!

stop_front:
#  Implicit rule search has not been done.
#  Modification time never checked.
#  File has not been updated.
#  recipe to execute (from 'Makefile', line 64):
	@echo Stopping the front end...
	@taskkill /IM gostripe.exe /F
	@echo Stopped front end

build_invoice:
#  Implicit rule search has not been done.
#  Modification time never checked.
#  File has not been updated.
#  recipe to execute (from 'Makefile', line 33):
	@echo "Building invoice microservice..."
	@go build -o dist/invoice.exe ./cmd/micro/invoice
	@echo "Invoice microservice built!"

# files hash-table stats:
# Load=17/1024=2%, Rehash=0, Collisions=0/48=0%
# VPATH Search Paths

# No 'vpath' search paths.

# No general ('VPATH' variable) search path.

# strcache buffers: 1 (0) / strings = 36 / storage = 310 B / avg = 8 B
# current buf: size = 8174 B / used = 310 B / count = 36 / avg = 8 B

# strcache performance: lookups = 65 / hit rate = 44%
# hash-table stats:
# Load=36/8192=0%, Rehash=0, Collisions=0/65=0%
# Finished Make data base on Sun Jul 31 10:40:07 2022

 
